<?xml version="1.0" encoding="UTF-8"?>
<testng-results ignored="0" total="2" passed="2" failed="0" skipped="0">
  <reporter-output>
  </reporter-output>
  <suite started-at="2021-09-15T15:20:08 IST" name="SampleSuite2" finished-at="2021-09-15T15:20:59 IST" duration-ms="51390">
    <groups>
    </groups>
    <test started-at="2021-09-15T15:20:08 IST" name="SampleTest" finished-at="2021-09-15T15:20:31 IST" duration-ms="23222">
      <class name="com.picninc.testcases.RecorderScript">
        <test-method is-config="true" signature="setup(java.lang.String)[pri:0, instance:com.picninc.testcases.RecorderScript@58695725]" started-at="2021-09-15T15:20:08 IST" name="setup" finished-at="2021-09-15T15:20:13 IST" duration-ms="5185" status="PASS">
          <params>
            <param index="0">
              <value>
                <![CDATA[Chrome]]>
              </value>
            </param>
          </params>
          <reporter-output>
          </reporter-output>
        </test-method> <!-- setup -->
        <test-method signature="testParameterWithXML()[pri:0, instance:com.picninc.testcases.RecorderScript@58695725]" started-at="2021-09-15T15:20:13 IST" name="testParameterWithXML" finished-at="2021-09-15T15:20:31 IST" duration-ms="17981" status="PASS">
          <reporter-output>
          </reporter-output>
        </test-method> <!-- testParameterWithXML -->
      </class> <!-- com.picninc.testcases.RecorderScript -->
    </test> <!-- SampleTest -->
    <test started-at="2021-09-15T15:20:31 IST" name="Sample2Test" finished-at="2021-09-15T15:20:59 IST" duration-ms="28115">
      <class name="com.picninc.testcases.RecorderScript">
        <test-method is-config="true" signature="setup(java.lang.String)[pri:0, instance:com.picninc.testcases.RecorderScript@47e2e487]" started-at="2021-09-15T15:20:31 IST" name="setup" finished-at="2021-09-15T15:20:38 IST" duration-ms="6884" status="PASS">
          <params>
            <param index="0">
              <value>
                <![CDATA[Firefox]]>
              </value>
            </param>
          </params>
          <reporter-output>
          </reporter-output>
        </test-method> <!-- setup -->
        <test-method signature="testParameterWithXML()[pri:0, instance:com.picninc.testcases.RecorderScript@47e2e487]" started-at="2021-09-15T15:20:38 IST" name="testParameterWithXML" finished-at="2021-09-15T15:20:59 IST" duration-ms="21226" status="PASS">
          <reporter-output>
          </reporter-output>
        </test-method> <!-- testParameterWithXML -->
      </class> <!-- com.picninc.testcases.RecorderScript -->
    </test> <!-- Sample2Test -->
  </suite> <!-- SampleSuite2 -->
</testng-results>
